<?xml version="1.0" encoding="UTF-8"?>
<testng-results ignored="0" total="2" passed="2" failed="0" skipped="0">
  <reporter-output>
  </reporter-output>
  <suite started-at="2023-10-24T11:47:08 IST" name="opencartSuite" finished-at="2023-10-24T11:48:10 IST" duration-ms="62160">
    <groups>
      <group name="Master">
        <method signature="LoginTest.test_login()[pri:0, instance:testCases.LoginTest@59309333]" name="test_login" class="testCases.LoginTest"/>
        <method signature="accountregistrationtest.test_account_Registration()[pri:0, instance:testCases.accountregistrationtest@7b9a4292]" name="test_account_Registration" class="testCases.accountregistrationtest"/>
      </group> <!-- Master -->
      <group name="Sanity">
        <method signature="LoginTest.test_login()[pri:0, instance:testCases.LoginTest@59309333]" name="test_login" class="testCases.LoginTest"/>
      </group> <!-- Sanity -->
      <group name="Regression">
        <method signature="accountregistrationtest.test_account_Registration()[pri:0, instance:testCases.accountregistrationtest@7b9a4292]" name="test_account_Registration" class="testCases.accountregistrationtest"/>
      </group> <!-- Regression -->
    </groups>
    <test started-at="2023-10-24T11:47:08 IST" name="opencartTest" finished-at="2023-10-24T11:48:10 IST" duration-ms="62160">
      <class name="testCases.accountregistrationtest">
        <test-method is-config="true" signature="setup(java.lang.String)[pri:0, instance:testCases.accountregistrationtest@7b9a4292]" started-at="2023-10-24T11:47:08 IST" name="setup" finished-at="2023-10-24T11:47:56 IST" duration-ms="47228" status="PASS">
          <params>
            <param index="0">
              <value>
                <![CDATA[chrome]]>
              </value>
            </param>
          </params>
          <reporter-output>
          </reporter-output>
        </test-method> <!-- setup -->
        <test-method signature="test_account_Registration()[pri:0, instance:testCases.accountregistrationtest@7b9a4292]" started-at="2023-10-24T11:47:56 IST" name="test_account_Registration" finished-at="2023-10-24T11:48:03 IST" duration-ms="7356" status="PASS">
          <reporter-output>
          </reporter-output>
        </test-method> <!-- test_account_Registration -->
        <test-method is-config="true" signature="teardown()[pri:0, instance:testCases.accountregistrationtest@7b9a4292]" started-at="2023-10-24T11:48:03 IST" name="teardown" finished-at="2023-10-24T11:48:03 IST" duration-ms="274" status="PASS">
          <reporter-output>
          </reporter-output>
        </test-method> <!-- teardown -->
      </class> <!-- testCases.accountregistrationtest -->
      <class name="testCases.LoginTest">
        <test-method is-config="true" signature="setup(java.lang.String)[pri:0, instance:testCases.LoginTest@59309333]" started-at="2023-10-24T11:48:03 IST" name="setup" finished-at="2023-10-24T11:48:05 IST" duration-ms="1658" status="PASS">
          <params>
            <param index="0">
              <value>
                <![CDATA[chrome]]>
              </value>
            </param>
          </params>
          <reporter-output>
          </reporter-output>
        </test-method> <!-- setup -->
        <test-method signature="test_login()[pri:0, instance:testCases.LoginTest@59309333]" started-at="2023-10-24T11:48:05 IST" name="test_login" finished-at="2023-10-24T11:48:10 IST" duration-ms="4986" status="PASS">
          <reporter-output>
          </reporter-output>
        </test-method> <!-- test_login -->
        <test-method is-config="true" signature="teardown()[pri:0, instance:testCases.LoginTest@59309333]" started-at="2023-10-24T11:48:10 IST" name="teardown" finished-at="2023-10-24T11:48:10 IST" duration-ms="280" status="PASS">
          <reporter-output>
          </reporter-output>
        </test-method> <!-- teardown -->
      </class> <!-- testCases.LoginTest -->
    </test> <!-- opencartTest -->
  </suite> <!-- opencartSuite -->
</testng-results>
