<?xml version="1.0" encoding="UTF-8"?>
<testng-results ignored="0" total="2" passed="2" failed="0" skipped="0">
  <reporter-output>
  </reporter-output>
  <suite started-at="2023-10-24T11:01:57 IST" name="opencartSuite" finished-at="2023-10-24T11:02:15 IST" duration-ms="18084">
    <groups>
      <group name="Master">
        <method signature="LoginTest.test_login()[pri:0, instance:testCases.LoginTest@742ff096]" name="test_login" class="testCases.LoginTest"/>
        <method signature="accountregistrationtest.test_account_Registration()[pri:0, instance:testCases.accountregistrationtest@3a7442c7]" name="test_account_Registration" class="testCases.accountregistrationtest"/>
      </group> <!-- Master -->
      <group name="Sanity">
        <method signature="LoginTest.test_login()[pri:0, instance:testCases.LoginTest@742ff096]" name="test_login" class="testCases.LoginTest"/>
      </group> <!-- Sanity -->
      <group name="Regression">
        <method signature="accountregistrationtest.test_account_Registration()[pri:0, instance:testCases.accountregistrationtest@3a7442c7]" name="test_account_Registration" class="testCases.accountregistrationtest"/>
      </group> <!-- Regression -->
    </groups>
    <test started-at="2023-10-24T11:01:57 IST" name="opencartTest" finished-at="2023-10-24T11:02:15 IST" duration-ms="18084">
      <class name="testCases.accountregistrationtest">
        <test-method is-config="true" signature="setup(java.lang.String)[pri:0, instance:testCases.accountregistrationtest@3a7442c7]" started-at="2023-10-24T11:01:58 IST" name="setup" finished-at="2023-10-24T11:02:01 IST" duration-ms="3256" status="PASS">
          <params>
            <param index="0">
              <value>
                <![CDATA[chrome]]>
              </value>
            </param>
          </params>
          <reporter-output>
          </reporter-output>
        </test-method> <!-- setup -->
        <test-method signature="test_account_Registration()[pri:0, instance:testCases.accountregistrationtest@3a7442c7]" started-at="2023-10-24T11:02:01 IST" name="test_account_Registration" finished-at="2023-10-24T11:02:08 IST" duration-ms="7391" status="PASS">
          <reporter-output>
          </reporter-output>
        </test-method> <!-- test_account_Registration -->
        <test-method is-config="true" signature="teardown()[pri:0, instance:testCases.accountregistrationtest@3a7442c7]" started-at="2023-10-24T11:02:08 IST" name="teardown" finished-at="2023-10-24T11:02:09 IST" duration-ms="328" status="PASS">
          <reporter-output>
          </reporter-output>
        </test-method> <!-- teardown -->
      </class> <!-- testCases.accountregistrationtest -->
      <class name="testCases.LoginTest">
        <test-method is-config="true" signature="setup(java.lang.String)[pri:0, instance:testCases.LoginTest@742ff096]" started-at="2023-10-24T11:02:09 IST" name="setup" finished-at="2023-10-24T11:02:10 IST" duration-ms="1598" status="PASS">
          <params>
            <param index="0">
              <value>
                <![CDATA[chrome]]>
              </value>
            </param>
          </params>
          <reporter-output>
          </reporter-output>
        </test-method> <!-- setup -->
        <test-method signature="test_login()[pri:0, instance:testCases.LoginTest@742ff096]" started-at="2023-10-24T11:02:10 IST" name="test_login" finished-at="2023-10-24T11:02:15 IST" duration-ms="4895" status="PASS">
          <reporter-output>
          </reporter-output>
        </test-method> <!-- test_login -->
        <test-method is-config="true" signature="teardown()[pri:0, instance:testCases.LoginTest@742ff096]" started-at="2023-10-24T11:02:15 IST" name="teardown" finished-at="2023-10-24T11:02:15 IST" duration-ms="276" status="PASS">
          <reporter-output>
          </reporter-output>
        </test-method> <!-- teardown -->
      </class> <!-- testCases.LoginTest -->
    </test> <!-- opencartTest -->
  </suite> <!-- opencartSuite -->
</testng-results>
